[LOG] System::create                           : Header version = 1.10.04. Current version = 1.10.04.
[LOG] SystemI::setOutputInternal               : Setting output to 'FMOD WASAPI Output'
[LOG] Manager::init                            : maxchannels = 1024 studioflags = 00000009 flags 00000000 extradriverdata 0000000000000000.
[LOG] SystemI::init                            : Initialize version=11004 (93853), maxchannels=1024, flags=0x00030000
[LOG] OutputWASAPI::init                       : Mix Format (WAVEFORMATEX): wFormatTag=0xFFFE, nChannels=2, nSamplesPerSec=48000, nAvgBytesPerSec=384000, nBlockAlign=8, wBitsPerSample=32, cbSize=22.
[LOG] OutputWASAPI::init                       : Mix Format (WAVEFORMATEXTENSIBLE): wValidBitsPerSample=32, dwChannelMask=0x00000003, SubFormat=00000003-0000-0010-8000-00AA00389B71.
[LOG] OutputWASAPI::init                       : Output buffer size: 4096 samples, latency: 0.00ms, period: 10.00ms, DSP buffer: 1024 * 4
[LOG] Thread::initThread                       : Init FMOD stream thread. Priority: 2, Stack Size: 65536, Semaphore: No, Sleep Time: 10, Looping: Yes.
[LOG] SystemI::DSPCodecPoolRegister            : register codec pool for pool type 5
[LOG] Thread::initThread                       : Init FMOD mixer thread. Priority: 3, Stack Size: 49152, Semaphore: No, Sleep Time: 0, Looping: Yes.
[LOG] AsyncManager::init                       : manager 00000213DCDCB9D8 isAsync 1 updatePeriod 0.02
[LOG] Thread::initThread                       : Init FMOD Studio update thread. Priority: 0, Stack Size: 65536, Semaphore: No, Sleep Time: 1, Looping: No.
[LOG] AsyncManager::init                       : done
[LOG] PlaybackSystem::init                     : 
[LOG] Thread::initThread                       : Init FMOD Studio sample load thread. Priority: 0, Stack Size: 65536, Semaphore: No, Sleep Time: 1, Looping: No.
[LOG] PlaybackSystem::init                     : done
[LOG] LiveUpdate::init                         : 
[LOG] Thread::initThread                       : Init FMOD Studio bank load thread. Priority: 0, Stack Size: 65536, Semaphore: No, Sleep Time: 1, Looping: No.
[LOG] Manager::init                            : done.
[LOG] Profile::init                            : Profiler listening on port: 9264
[LOG] Manager::readBank                        : fileversion = 100, compatVersion = 99 (oldest = 44, newest = 100)
[LOG] Manager::readBank                        : fileversion = 100, compatVersion = 99 (oldest = 44, newest = 100)
[LOG] PlaybackSystem::acquireMasterBus         : Setting master channel group format to 3
[LOG] SystemI::createSoundInternal             : Create name='', mode=0x02000202
[LOG] SystemI::createSoundInternal             : exinfo->cbsize             = 232
[LOG] SystemI::createSoundInternal             : exinfo->length             = 33744160
[LOG] SystemI::createSoundInternal             : exinfo->fileoffset         = 23840
[LOG] SystemI::createSoundInternal             : exinfo->numsubsounds       = 1
[LOG] SystemI::createSoundInternal             : exinfo->inclusionlist      = 000000CBE99FF4DC
[LOG] SystemI::createSoundInternal             : exinfo->inclusionlistnum   = 1
[LOG] SystemI::createSoundInternal             : exinfo->suggestedsoundtype = 5
[LOG] SystemI::createSoundInternal             : exinfo->useropen           = 00007FF8F311E310
[LOG] SystemI::createSoundInternal             : exinfo->userclose          = 00007FF8F311E2E0
[LOG] SystemI::createSoundInternal             : exinfo->userread           = 00007FF8F311E3E0
[LOG] SystemI::createSoundInternal             : exinfo->userseek           = 00007FF8F311E490
[LOG] SystemI::createSoundInternal             : exinfo->fileuserdata       = 00000213DCC307B8
[LOG] SystemI::createSoundInternal             : exinfo->initialseekpostype = 1
[LOG] SystemI::createSoundInternal             : Sample 0/1: name='Bouce_placeholder', format=2, channels=2, frequency=48000, lengthbytes=158176, lengthpcm=39528, pcmblocksize=0, loopstart=0, loopend=0, mode=0x00000000, channelmask=0x00000000, channelorder=0, peakvolume=0.353638.
[LOG] SystemI::createSoundInternal             : Create name='', mode=0x02000202
[LOG] SystemI::createSoundInternal             : exinfo->cbsize             = 232
[LOG] SystemI::createSoundInternal             : exinfo->length             = 33744160
[LOG] SystemI::createSoundInternal             : exinfo->fileoffset         = 23840
[LOG] SystemI::createSoundInternal             : exinfo->numsubsounds       = 1
[LOG] SystemI::createSoundInternal             : exinfo->inclusionlist      = 000000CBE99FF4DC
[LOG] SystemI::createSoundInternal             : exinfo->inclusionlistnum   = 1
[LOG] SystemI::createSoundInternal             : exinfo->suggestedsoundtype = 5
[LOG] SystemI::createSoundInternal             : exinfo->useropen           = 00007FF8F311E310
[LOG] SystemI::createSoundInternal             : exinfo->userclose          = 00007FF8F311E2E0
[LOG] SystemI::createSoundInternal             : exinfo->userread           = 00007FF8F311E3E0
[LOG] SystemI::createSoundInternal             : exinfo->userseek           = 00007FF8F311E490
[LOG] SystemI::createSoundInternal             : exinfo->fileuserdata       = 00000213DCC307B8
[LOG] SystemI::createSoundInternal             : exinfo->initialseekpostype = 1
[LOG] SystemI::createSoundInternal             : Sample 0/1: name='VictoryStinger', format=2, channels=2, frequency=48000, lengthbytes=621440, lengthpcm=155341, pcmblocksize=0, loopstart=0, loopend=0, mode=0x00000000, channelmask=0x00000000, channelorder=0, peakvolume=0.473419.
[LOG] SystemI::createSound                     : filename = Assets\_Audio\Desktop/Master Bank.bank : mode 02010082
[LOG] SystemI::createSound                     : FMOD_NONBLOCKING specified.  Putting into queue to be opened asynchronously!
[LOG] SystemI::createSound                     : setdata soundi = 00000213AE5914F8 : node = 00000213D44087C0
[LOG] SystemI::createSound                     : add node to async list : head = 00000213DD8C8948.  list count = 0
[LOG] SystemI::createSound                     : filename = Assets\_Audio\Desktop/Master Bank.bank : mode 02010082
[LOG] AsyncThread::threadFunc                  : Starting Asynchronous operation on sound 00000213AE5914F8
[LOG] SystemI::createSound                     : FMOD_NONBLOCKING specified.  Putting into queue to be opened asynchronously!
[LOG] SystemI::createSoundInternal             :     Create name='Assets\_Audio\Desktop/Master Bank.bank', mode=0x02010082
[LOG] SystemI::createSound                     :     setdata soundi = 00000213AE591858 : node = 00000213D44098D0
[LOG] SystemI::createSoundInternal             :     exinfo->cbsize             = 232
[LOG] SystemI::createSound                     :     add node to async list : head = 00000213DD8C8948.  list count = 0
[LOG] SystemI::createSoundInternal             :     exinfo->length             = 33744160
[LOG] SystemI::createSoundInternal             :     exinfo->fileoffset         = 23840
[LOG] SystemI::createSoundInternal             :     exinfo->numsubsounds       = 1
[LOG] SystemI::createSoundInternal             :     exinfo->inclusionlist      = 00000213D44088D8
[LOG] SystemI::createSoundInternal             :     exinfo->inclusionlistnum   = 1
[LOG] SystemI::createSoundInternal             :     exinfo->suggestedsoundtype = 5
[LOG] SystemI::createSoundInternal             :     exinfo->initialseekpostype = 1
[LOG] SystemI::createSoundInternal             :     Stream 0/1: name='Quilt1-Cello', format=2, channels=2, frequency=48000, lengthbytes=4467008, lengthpcm=1116735, pcmblocksize=0, loopstart=0, loopend=0, mode=0x00000000, channelmask=0x00000000, channelorder=0, peakvolume=0.036133.
[LOG] AsyncThread::threadFunc                  : Finished Asynchronous operation on sound 00000213AE5914F8
[LOG] AsyncThread::threadFunc                  : Starting Asynchronous operation on sound 00000213AE591858
[LOG] SystemI::createSoundInternal             :     Create name='Assets\_Audio\Desktop/Master Bank.bank', mode=0x02010082
[LOG] SystemI::createSoundInternal             :     exinfo->cbsize             = 232
[LOG] SystemI::createSoundInternal             :     exinfo->length             = 33744160
[LOG] SystemI::createSoundInternal             :     exinfo->fileoffset         = 23840
[LOG] SystemI::createSoundInternal             :     exinfo->numsubsounds       = 1
[LOG] SystemI::createSoundInternal             :     exinfo->inclusionlist      = 00000213D44099E8
[LOG] SystemI::createSoundInternal             :     exinfo->inclusionlistnum   = 1
[LOG] SystemI::createSoundInternal             :     exinfo->suggestedsoundtype = 5
[LOG] SystemI::createSoundInternal             :     exinfo->initialseekpostype = 1
[LOG] SystemI::createSoundInternal             :     Stream 0/1: name='Quilt1-PadStrings', format=2, channels=2, frequency=48000, lengthbytes=4467008, lengthpcm=1116735, pcmblocksize=0, loopstart=0, loopend=0, mode=0x00000000, channelmask=0x00000000, channelorder=0, peakvolume=0.039001.
[LOG] AsyncThread::threadFunc                  : Finished Asynchronous operation on sound 00000213AE591858
[LOG] SoundI::getSubSound                      : sound 00000213AE5914F8.  Subsound index 0 / 1
[LOG] SoundI::getSubSound                      : sound 00000213AE591858.  Subsound index 0 / 1
[LOG] SystemI::createSound                     : filename = Assets\_Audio\Desktop/Master Bank.bank : mode 02010082
[LOG] SystemI::createSound                     : FMOD_NONBLOCKING specified.  Putting into queue to be opened asynchronously!
[LOG] SystemI::createSound                     : setdata soundi = 00000213DD419FD8 : node = 00000213D681BB00
[LOG] SystemI::createSound                     : add node to async list : head = 00000213DD8C8948.  list count = 0
[LOG] SystemI::createSound                     : filename = Assets\_Audio\Desktop/Master Bank.bank : mode 02010082
[LOG] SystemI::createSound                     : FMOD_NONBLOCKING specified.  Putting into queue to be opened asynchronously!
[LOG] SystemI::createSound                     : setdata soundi = 00000213DD41A848 : node = 00000213D681CC10
[LOG] SystemI::createSound                     : add node to async list : head = 00000213DD8C8948.  list count = 0
[LOG] AsyncThread::threadFunc                  : Starting Asynchronous operation on sound 00000213DD419FD8
[LOG] SystemI::createSoundInternal             :     Create name='Assets\_Audio\Desktop/Master Bank.bank', mode=0x02010082
[LOG] SystemI::createSoundInternal             :     exinfo->cbsize             = 232
[LOG] SystemI::createSoundInternal             :     exinfo->length             = 33744160
[LOG] SystemI::createSoundInternal             :     exinfo->fileoffset         = 23840
[LOG] SystemI::createSoundInternal             :     exinfo->numsubsounds       = 1
[LOG] SystemI::createSoundInternal             :     exinfo->inclusionlist      = 00000213D681BC18
[LOG] SystemI::createSoundInternal             :     exinfo->inclusionlistnum   = 1
[LOG] SystemI::createSoundInternal             :     exinfo->suggestedsoundtype = 5
[LOG] SystemI::createSoundInternal             :     exinfo->initialseekpostype = 1
[LOG] SystemI::createSoundInternal             :     Stream 0/1: name='Quilt1-PadStrings', format=2, channels=2, frequency=48000, lengthbytes=4467008, lengthpcm=1116735, pcmblocksize=0, loopstart=0, loopend=0, mode=0x00000000, channelmask=0x00000000, channelorder=0, peakvolume=0.039001.
[LOG] AsyncThread::threadFunc                  : Finished Asynchronous operation on sound 00000213DD419FD8
[LOG] AsyncThread::threadFunc                  : Starting Asynchronous operation on sound 00000213DD41A848
[LOG] SystemI::createSoundInternal             :     Create name='Assets\_Audio\Desktop/Master Bank.bank', mode=0x02010082
[LOG] SystemI::createSoundInternal             :     exinfo->cbsize             = 232
[LOG] SystemI::createSoundInternal             :     exinfo->length             = 33744160
[LOG] SystemI::createSoundInternal             :     exinfo->fileoffset         = 23840
[LOG] SystemI::createSoundInternal             :     exinfo->numsubsounds       = 1
[LOG] SystemI::createSoundInternal             :     exinfo->inclusionlist      = 00000213D681CD28
[LOG] SystemI::createSoundInternal             :     exinfo->inclusionlistnum   = 1
[LOG] SystemI::createSoundInternal             :     exinfo->suggestedsoundtype = 5
[LOG] SystemI::createSoundInternal             :     exinfo->initialseekpostype = 1
[LOG] SystemI::createSoundInternal             :     Stream 0/1: name='Quilt1-Piano1', format=2, channels=2, frequency=48000, lengthbytes=4467008, lengthpcm=1116735, pcmblocksize=0, loopstart=0, loopend=0, mode=0x00000000, channelmask=0x00000000, channelorder=0, peakvolume=0.154572.
[LOG] AsyncThread::threadFunc                  : Finished Asynchronous operation on sound 00000213DD41A848
[LOG] SoundI::getSubSound                      : sound 00000213DD419FD8.  Subsound index 0 / 1
[LOG] SoundI::getSubSound                      : sound 00000213DD41A848.  Subsound index 0 / 1
[LOG] SoundI::release                          :  (00000213ACD90618)
[LOG] SoundI::release                          :     VictoryStinger (00000213F56B2078)
[LOG] SoundI::release                          : Quilt1-Piano1 (00000213DD41A848)
[LOG] SoundI::release                          :     Quilt1-Piano1 (00000213DCDA8F48)
[LOG] SoundI::release                          :     Quilt1-Piano1 (00000213D6D8E808)
[LOG] SoundI::release                          : Quilt1-PadStrings (00000213DD419FD8)
[LOG] SoundI::release                          :     Quilt1-PadStrings (00000213DCDA8DA8)
[LOG] SoundI::release                          :     Quilt1-PadStrings (00000213DD41AF08)
[LOG] SoundI::release                          : Quilt1-PadStrings (00000213AE591858)
[LOG] SoundI::release                          :     Quilt1-PadStrings (00000213DCDAA7A8)
[LOG] SoundI::release                          :     Quilt1-PadStrings (00000213AE591D68)
[LOG] SoundI::release                          : Quilt1-Cello (00000213AE5914F8)
[LOG] SoundI::release                          :     Quilt1-Cello (00000213DCDA8A68)
[LOG] SoundI::release                          :     Quilt1-Cello (00000213AE591A08)
[LOG] SoundI::release                          :  (00000213ACD90788)
[LOG] SoundI::release                          :     Bouce_placeholder (00000213F56B1ED8)
[LOG] Thread::callback                         : FMOD Studio update thread finished.
[LOG] Thread::callback                         : FMOD Studio bank load thread finished.
[LOG] Profile::disconnectAll                   : Profiler disconnecting all clients
[LOG] Thread::callback                         : FMOD Studio sample load thread finished.
[LOG] LiveUpdate::release                      : 
[LOG] LiveUpdate::reset                        : Reset connection (reason Disconnected)
[LOG] Thread::callback                         : FMOD stream thread finished.
[LOG] Thread::callback                         : FMOD mixer thread finished.
[LOG] Profile::disconnectAll                   : Profiler disconnecting all clients
[LOG] SystemI::close                           : Closed.
